# JRE version: Java(TM) SE Runtime Environment (13.0.2+8) (build 13.0.2+8)
# Java VM: Java HotSpot(TM) 64-Bit Server VM (13.0.2+8, mixed mode, sharing, tiered, compressed oops, g1 gc, bsd-amd64)
Heap:
 garbage-first heap   total 144384K, used 79040K [0x0000000700000000, 0x0000000800000000)
  region size 1024K, 28 young (28672K), 4 survivors (4096K)
 Metaspace       used 91352K, capacity 92202K, committed 93820K, reserved 1130496K
  class space    used 11905K, capacity 12222K, committed 12288K, reserved 1048576K
GC Heap History (20 events):
Event: 6.926 GC heap before
{Heap before GC invocations=17 (full 0):
 garbage-first heap   total 110592K, used 80577K [0x0000000700000000, 0x0000000800000000)
  region size 1024K, 34 young (34816K), 4 survivors (4096K)
 Metaspace       used 70317K, capacity 71076K, committed 72060K, reserved 1112064K
  class space    used 9941K, capacity 10219K, committed 10240K, reserved 1048576K
}
Event: 6.929 GC heap after
{Heap after GC invocations=18 (full 0):
 garbage-first heap   total 110592K, used 54668K [0x0000000700000000, 0x0000000800000000)
  region size 1024K, 3 young (3072K), 3 survivors (3072K)
 Metaspace       used 70317K, capacity 71076K, committed 72060K, reserved 1112064K
  class space    used 9941K, capacity 10219K, committed 10240K, reserved 1048576K
}
Event: 7.397 GC heap before
{Heap before GC invocations=19 (full 0):
 garbage-first heap   total 110592K, used 94604K [0x0000000700000000, 0x0000000800000000)
  region size 1024K, 32 young (32768K), 3 survivors (3072K)
 Metaspace       used 74574K, capacity 75407K, committed 76412K, reserved 1116160K
  class space    used 10456K, capacity 10751K, committed 10752K, reserved 1048576K
}
Event: 7.399 GC heap after
{Heap after GC invocations=20 (full 0):
 garbage-first heap   total 110592K, used 58204K [0x0000000700000000, 0x0000000800000000)
  region size 1024K, 4 young (4096K), 4 survivors (4096K)
 Metaspace       used 74574K, capacity 75407K, committed 76412K, reserved 1116160K
  class space    used 10456K, capacity 10751K, committed 10752K, reserved 1048576K
}
Event: 7.412 GC heap before
{Heap before GC invocations=20 (full 0):
 garbage-first heap   total 110592K, used 59228K [0x0000000700000000, 0x0000000800000000)
  region size 1024K, 5 young (5120K), 4 survivors (4096K)
 Metaspace       used 74675K, capacity 75487K, committed 76796K, reserved 1116160K
  class space    used 10462K, capacity 10753K, committed 10880K, reserved 1048576K
}
Event: 7.415 GC heap after
{Heap after GC invocations=21 (full 0):
 garbage-first heap   total 110592K, used 50115K [0x0000000700000000, 0x0000000800000000)
  region size 1024K, 1 young (1024K), 1 survivors (1024K)
 Metaspace       used 74675K, capacity 75487K, committed 76796K, reserved 1116160K
  class space    used 10462K, capacity 10753K, committed 10880K, reserved 1048576K
}
Event: 7.586 GC heap before
{Heap before GC invocations=21 (full 0):
 garbage-first heap   total 110592K, used 69571K [0x0000000700000000, 0x0000000800000000)
  region size 1024K, 22 young (22528K), 1 survivors (1024K)
 Metaspace       used 75964K, capacity 76814K, committed 77948K, reserved 1116160K
  class space    used 10634K, capacity 10956K, committed 11008K, reserved 1048576K
}
Event: 7.589 GC heap after
{Heap after GC invocations=22 (full 0):
 garbage-first heap   total 110592K, used 51419K [0x0000000700000000, 0x0000000800000000)
  region size 1024K, 2 young (2048K), 2 survivors (2048K)
 Metaspace       used 75964K, capacity 76814K, committed 77948K, reserved 1116160K
  class space    used 10634K, capacity 10956K, committed 11008K, reserved 1048576K
}
Event: 7.589 GC heap before
{Heap before GC invocations=22 (full 0):
 garbage-first heap   total 110592K, used 52443K [0x0000000700000000, 0x0000000800000000)
  region size 1024K, 2 young (2048K), 2 survivors (2048K)
 Metaspace       used 75964K, capacity 76814K, committed 77948K, reserved 1116160K
  class space    used 10634K, capacity 10956K, committed 11008K, reserved 1048576K
}
Event: 7.590 GC heap after
{Heap after GC invocations=23 (full 0):
 garbage-first heap   total 110592K, used 52462K [0x0000000700000000, 0x0000000800000000)
  region size 1024K, 2 young (2048K), 2 survivors (2048K)
 Metaspace       used 75964K, capacity 76814K, committed 77948K, reserved 1116160K
  class space    used 10634K, capacity 10956K, committed 11008K, reserved 1048576K
}
Event: 7.840 GC heap before
{Heap before GC invocations=24 (full 0):
 garbage-first heap   total 114688K, used 110830K [0x0000000700000000, 0x0000000800000000)
  region size 1024K, 25 young (25600K), 2 survivors (2048K)
 Metaspace       used 77310K, capacity 78162K, committed 79356K, reserved 1118208K
  class space    used 10788K, capacity 11084K, committed 11136K, reserved 1048576K
}
Event: 7.844 GC heap after
{Heap after GC invocations=25 (full 0):
 garbage-first heap   total 119808K, used 63459K [0x0000000700000000, 0x0000000800000000)
  region size 1024K, 4 young (4096K), 4 survivors (4096K)
 Metaspace       used 77310K, capacity 78162K, committed 79356K, reserved 1118208K
  class space    used 10788K, capacity 11084K, committed 11136K, reserved 1048576K
}
Event: 7.849 GC heap before
{Heap before GC invocations=25 (full 0):
 garbage-first heap   total 119808K, used 71651K [0x0000000700000000, 0x0000000800000000)
  region size 1024K, 5 young (5120K), 4 survivors (4096K)
 Metaspace       used 77319K, capacity 78162K, committed 79356K, reserved 1118208K
  class space    used 10789K, capacity 11084K, committed 11136K, reserved 1048576K
}
Event: 7.855 GC heap after
{Heap after GC invocations=26 (full 0):
 garbage-first heap   total 119808K, used 53929K [0x0000000700000000, 0x0000000800000000)
  region size 1024K, 1 young (1024K), 1 survivors (1024K)
 Metaspace       used 77319K, capacity 78162K, committed 79356K, reserved 1118208K
  class space    used 10789K, capacity 11084K, committed 11136K, reserved 1048576K
}
Event: 7.859 GC heap before
{Heap before GC invocations=26 (full 0):
 garbage-first heap   total 119808K, used 53929K [0x0000000700000000, 0x0000000800000000)
  region size 1024K, 2 young (2048K), 1 survivors (1024K)
 Metaspace       used 77368K, capacity 78258K, committed 79356K, reserved 1118208K
  class space    used 10793K, capacity 11116K, committed 11136K, reserved 1048576K
}
Event: 7.861 GC heap after
{Heap after GC invocations=27 (full 0):
 garbage-first heap   total 119808K, used 53875K [0x0000000700000000, 0x0000000800000000)
  region size 1024K, 1 young (1024K), 1 survivors (1024K)
 Metaspace       used 77368K, capacity 78258K, committed 79356K, reserved 1118208K
  class space    used 10793K, capacity 11116K, committed 11136K, reserved 1048576K
}
Event: 7.897 GC heap before
{Heap before GC invocations=28 (full 0):
 garbage-first heap   total 119808K, used 55923K [0x0000000700000000, 0x0000000800000000)
  region size 1024K, 6 young (6144K), 1 survivors (1024K)
 Metaspace       used 77540K, capacity 78396K, committed 79612K, reserved 1118208K
  class space    used 10820K, capacity 11118K, committed 11136K, reserved 1048576K
}
Event: 7.899 GC heap after
{Heap after GC invocations=29 (full 0):
 garbage-first heap   total 144384K, used 52296K [0x0000000700000000, 0x0000000800000000)
  region size 1024K, 1 young (1024K), 1 survivors (1024K)
 Metaspace       used 77540K, capacity 78396K, committed 79612K, reserved 1118208K
  class space    used 10820K, capacity 11118K, committed 11136K, reserved 1048576K
}
Event: 8.420 GC heap before
{Heap before GC invocations=30 (full 0):
 garbage-first heap   total 144384K, used 100424K [0x0000000700000000, 0x0000000800000000)
  region size 1024K, 48 young (49152K), 1 survivors (1024K)
 Metaspace       used 87809K, capacity 88668K, committed 90236K, reserved 1128448K
  class space    used 11596K, capacity 11918K, committed 12032K, reserved 1048576K
}
Event: 8.421 GC heap after
{Heap after GC invocations=31 (full 0):
 garbage-first heap   total 144384K, used 55488K [0x0000000700000000, 0x0000000800000000)
  region size 1024K, 4 young (4096K), 4 survivors (4096K)
 Metaspace       used 87809K, capacity 88668K, committed 90236K, reserved 1128448K
  class space    used 11596K, capacity 11918K, committed 12032K, reserved 1048576K
}

